<?xml version="1.0" encoding="UTF-8"?>
<testsuite xmlns:xsi="http://www.w3.org/2001/XMLSchema-instance" xsi:noNamespaceSchemaLocation="https://maven.apache.org/surefire/maven-surefire-plugin/xsd/surefire-test-report.xsd" name="com.abdul.springprojects.SpringCloudZuulApp3ApplicationTests" time="27.645" tests="1" errors="0" skipped="0" failures="0">
  <properties>
    <property name="sun.desktop" value="windows"/>
    <property name="awt.toolkit" value="sun.awt.windows.WToolkit"/>
    <property name="file.encoding.pkg" value="sun.io"/>
    <property name="java.specification.version" value="1.8"/>
    <property name="sun.cpu.isalist" value="amd64"/>
    <property name="sun.jnu.encoding" value="Cp1252"/>
    <property name="java.class.path" value="D:\myworkspaces\code-0509\ZuulServer\target\test-classes;D:\myworkspaces\code-0509\ZuulServer\target\classes;D:\mysoftwares\m2repo\org\springframework\boot\spring-boot-starter-data-rest\2.0.1.RELEASE\spring-boot-starter-data-rest-2.0.1.RELEASE.jar;D:\mysoftwares\m2repo\org\springframework\boot\spring-boot-starter\2.0.1.RELEASE\spring-boot-starter-2.0.1.RELEASE.jar;D:\mysoftwares\m2repo\org\springframework\boot\spring-boot\2.0.1.RELEASE\spring-boot-2.0.1.RELEASE.jar;D:\mysoftwares\m2repo\org\springframework\spring-context\5.0.5.RELEASE\spring-context-5.0.5.RELEASE.jar;D:\mysoftwares\m2repo\org\springframework\boot\spring-boot-autoconfigure\2.0.1.RELEASE\spring-boot-autoconfigure-2.0.1.RELEASE.jar;D:\mysoftwares\m2repo\org\springframework\boot\spring-boot-starter-logging\2.0.1.RELEASE\spring-boot-starter-logging-2.0.1.RELEASE.jar;D:\mysoftwares\m2repo\ch\qos\logback\logback-classic\1.2.3\logback-classic-1.2.3.jar;D:\mysoftwares\m2repo\ch\qos\logback\logback-core\1.2.3\logback-core-1.2.3.jar;D:\mysoftwares\m2repo\org\apache\logging\log4j\log4j-to-slf4j\2.10.0\log4j-to-slf4j-2.10.0.jar;D:\mysoftwares\m2repo\org\apache\logging\log4j\log4j-api\2.10.0\log4j-api-2.10.0.jar;D:\mysoftwares\m2repo\org\slf4j\jul-to-slf4j\1.7.25\jul-to-slf4j-1.7.25.jar;D:\mysoftwares\m2repo\javax\annotation\javax.annotation-api\1.3.2\javax.annotation-api-1.3.2.jar;D:\mysoftwares\m2repo\org\yaml\snakeyaml\1.19\snakeyaml-1.19.jar;D:\mysoftwares\m2repo\org\springframework\boot\spring-boot-starter-json\2.0.1.RELEASE\spring-boot-starter-json-2.0.1.RELEASE.jar;D:\mysoftwares\m2repo\org\springframework\spring-web\5.0.5.RELEASE\spring-web-5.0.5.RELEASE.jar;D:\mysoftwares\m2repo\org\springframework\spring-beans\5.0.5.RELEASE\spring-beans-5.0.5.RELEASE.jar;D:\mysoftwares\m2repo\com\fasterxml\jackson\core\jackson-databind\2.9.3\jackson-databind-2.9.3.jar;D:\mysoftwares\m2repo\com\fasterxml\jackson\datatype\jackson-datatype-jdk8\2.9.3\jackson-datatype-jdk8-2.9.3.jar;D:\mysoftwares\m2repo\com\fasterxml\jackson\datatype\jackson-datatype-jsr310\2.9.3\jackson-datatype-jsr310-2.9.3.jar;D:\mysoftwares\m2repo\com\fasterxml\jackson\module\jackson-module-parameter-names\2.9.3\jackson-module-parameter-names-2.9.3.jar;D:\mysoftwares\m2repo\org\springframework\boot\spring-boot-starter-web\2.0.1.RELEASE\spring-boot-starter-web-2.0.1.RELEASE.jar;D:\mysoftwares\m2repo\org\springframework\boot\spring-boot-starter-tomcat\2.0.1.RELEASE\spring-boot-starter-tomcat-2.0.1.RELEASE.jar;D:\mysoftwares\m2repo\org\apache\tomcat\embed\tomcat-embed-core\8.5.29\tomcat-embed-core-8.5.29.jar;D:\mysoftwares\m2repo\org\apache\tomcat\embed\tomcat-embed-el\8.5.29\tomcat-embed-el-8.5.29.jar;D:\mysoftwares\m2repo\org\apache\tomcat\embed\tomcat-embed-websocket\8.5.29\tomcat-embed-websocket-8.5.29.jar;D:\mysoftwares\m2repo\org\hibernate\validator\hibernate-validator\6.0.9.Final\hibernate-validator-6.0.9.Final.jar;D:\mysoftwares\m2repo\javax\validation\validation-api\2.0.1.Final\validation-api-2.0.1.Final.jar;D:\mysoftwares\m2repo\org\jboss\logging\jboss-logging\3.3.2.Final\jboss-logging-3.3.2.Final.jar;D:\mysoftwares\m2repo\com\fasterxml\classmate\1.3.4\classmate-1.3.4.jar;D:\mysoftwares\m2repo\org\springframework\spring-webmvc\5.0.5.RELEASE\spring-webmvc-5.0.5.RELEASE.jar;D:\mysoftwares\m2repo\org\springframework\spring-aop\5.0.5.RELEASE\spring-aop-5.0.5.RELEASE.jar;D:\mysoftwares\m2repo\org\springframework\spring-expression\5.0.5.RELEASE\spring-expression-5.0.5.RELEASE.jar;D:\mysoftwares\m2repo\org\springframework\data\spring-data-rest-webmvc\3.0.6.RELEASE\spring-data-rest-webmvc-3.0.6.RELEASE.jar;D:\mysoftwares\m2repo\org\springframework\data\spring-data-rest-core\3.0.6.RELEASE\spring-data-rest-core-3.0.6.RELEASE.jar;D:\mysoftwares\m2repo\org\springframework\spring-tx\5.0.5.RELEASE\spring-tx-5.0.5.RELEASE.jar;D:\mysoftwares\m2repo\org\springframework\hateoas\spring-hateoas\0.24.0.RELEASE\spring-hateoas-0.24.0.RELEASE.jar;D:\mysoftwares\m2repo\org\springframework\data\spring-data-commons\2.0.6.RELEASE\spring-data-commons-2.0.6.RELEASE.jar;D:\mysoftwares\m2repo\org\springframework\plugin\spring-plugin-core\1.2.0.RELEASE\spring-plugin-core-1.2.0.RELEASE.jar;D:\mysoftwares\m2repo\org\atteo\evo-inflector\1.2.2\evo-inflector-1.2.2.jar;D:\mysoftwares\m2repo\com\fasterxml\jackson\core\jackson-annotations\2.9.0\jackson-annotations-2.9.0.jar;D:\mysoftwares\m2repo\org\slf4j\slf4j-api\1.7.25\slf4j-api-1.7.25.jar;D:\mysoftwares\m2repo\org\springframework\cloud\spring-cloud-starter-netflix-eureka-client\2.0.0.M8\spring-cloud-starter-netflix-eureka-client-2.0.0.M8.jar;D:\mysoftwares\m2repo\org\springframework\cloud\spring-cloud-starter\2.0.0.M9\spring-cloud-starter-2.0.0.M9.jar;D:\mysoftwares\m2repo\org\springframework\cloud\spring-cloud-context\2.0.0.M9\spring-cloud-context-2.0.0.M9.jar;D:\mysoftwares\m2repo\org\springframework\security\spring-security-crypto\5.0.4.RELEASE\spring-security-crypto-5.0.4.RELEASE.jar;D:\mysoftwares\m2repo\org\springframework\cloud\spring-cloud-commons\2.0.0.M9\spring-cloud-commons-2.0.0.M9.jar;D:\mysoftwares\m2repo\org\springframework\security\spring-security-rsa\1.0.5.RELEASE\spring-security-rsa-1.0.5.RELEASE.jar;D:\mysoftwares\m2repo\org\bouncycastle\bcpkix-jdk15on\1.56\bcpkix-jdk15on-1.56.jar;D:\mysoftwares\m2repo\org\bouncycastle\bcprov-jdk15on\1.56\bcprov-jdk15on-1.56.jar;D:\mysoftwares\m2repo\org\springframework\cloud\spring-cloud-netflix-core\2.0.0.M8\spring-cloud-netflix-core-2.0.0.M8.jar;D:\mysoftwares\m2repo\org\springframework\boot\spring-boot-starter-aop\2.0.1.RELEASE\spring-boot-starter-aop-2.0.1.RELEASE.jar;D:\mysoftwares\m2repo\org\aspectj\aspectjweaver\1.8.13\aspectjweaver-1.8.13.jar;D:\mysoftwares\m2repo\org\springframework\cloud\spring-cloud-netflix-eureka-client\2.0.0.M8\spring-cloud-netflix-eureka-client-2.0.0.M8.jar;D:\mysoftwares\m2repo\com\netflix\eureka\eureka-client\1.8.7\eureka-client-1.8.7.jar;D:\mysoftwares\m2repo\org\codehaus\jettison\jettison\1.3.7\jettison-1.3.7.jar;D:\mysoftwares\m2repo\stax\stax-api\1.0.1\stax-api-1.0.1.jar;D:\mysoftwares\m2repo\com\netflix\netflix-commons\netflix-eventbus\0.3.0\netflix-eventbus-0.3.0.jar;D:\mysoftwares\m2repo\com\netflix\netflix-commons\netflix-infix\0.3.0\netflix-infix-0.3.0.jar;D:\mysoftwares\m2repo\commons-jxpath\commons-jxpath\1.3\commons-jxpath-1.3.jar;D:\mysoftwares\m2repo\joda-time\joda-time\2.9.9\joda-time-2.9.9.jar;D:\mysoftwares\m2repo\org\antlr\antlr-runtime\3.4\antlr-runtime-3.4.jar;D:\mysoftwares\m2repo\org\antlr\stringtemplate\3.2.1\stringtemplate-3.2.1.jar;D:\mysoftwares\m2repo\antlr\antlr\2.7.7\antlr-2.7.7.jar;D:\mysoftwares\m2repo\com\google\code\gson\gson\2.8.2\gson-2.8.2.jar;D:\mysoftwares\m2repo\org\apache\commons\commons-math\2.2\commons-math-2.2.jar;D:\mysoftwares\m2repo\com\netflix\archaius\archaius-core\0.7.5\archaius-core-0.7.5.jar;D:\mysoftwares\m2repo\javax\ws\rs\jsr311-api\1.1.1\jsr311-api-1.1.1.jar;D:\mysoftwares\m2repo\com\netflix\servo\servo-core\0.10.1\servo-core-0.10.1.jar;D:\mysoftwares\m2repo\com\netflix\servo\servo-internal\0.10.1\servo-internal-0.10.1.jar;D:\mysoftwares\m2repo\com\sun\jersey\jersey-core\1.19.1\jersey-core-1.19.1.jar;D:\mysoftwares\m2repo\com\sun\jersey\jersey-client\1.19.1\jersey-client-1.19.1.jar;D:\mysoftwares\m2repo\com\sun\jersey\contribs\jersey-apache-client4\1.19.1\jersey-apache-client4-1.19.1.jar;D:\mysoftwares\m2repo\org\apache\httpcomponents\httpclient\4.5.5\httpclient-4.5.5.jar;D:\mysoftwares\m2repo\org\apache\httpcomponents\httpcore\4.4.9\httpcore-4.4.9.jar;D:\mysoftwares\m2repo\commons-codec\commons-codec\1.11\commons-codec-1.11.jar;D:\mysoftwares\m2repo\com\google\inject\guice\4.1.0\guice-4.1.0.jar;D:\mysoftwares\m2repo\javax\inject\javax.inject\1\javax.inject-1.jar;D:\mysoftwares\m2repo\aopalliance\aopalliance\1.0\aopalliance-1.0.jar;D:\mysoftwares\m2repo\com\github\vlsi\compactmap\compactmap\1.2.1\compactmap-1.2.1.jar;D:\mysoftwares\m2repo\com\github\andrewoma\dexx\dexx-collections\0.2\dexx-collections-0.2.jar;D:\mysoftwares\m2repo\com\fasterxml\jackson\core\jackson-core\2.9.3\jackson-core-2.9.3.jar;D:\mysoftwares\m2repo\com\netflix\eureka\eureka-core\1.8.7\eureka-core-1.8.7.jar;D:\mysoftwares\m2repo\org\codehaus\woodstox\woodstox-core-asl\4.4.1\woodstox-core-asl-4.4.1.jar;D:\mysoftwares\m2repo\javax\xml\stream\stax-api\1.0-2\stax-api-1.0-2.jar;D:\mysoftwares\m2repo\org\codehaus\woodstox\stax2-api\3.1.4\stax2-api-3.1.4.jar;D:\mysoftwares\m2repo\org\springframework\cloud\spring-cloud-starter-netflix-archaius\2.0.0.M8\spring-cloud-starter-netflix-archaius-2.0.0.M8.jar;D:\mysoftwares\m2repo\org\springframework\cloud\spring-cloud-netflix-ribbon\2.0.0.M8\spring-cloud-netflix-ribbon-2.0.0.M8.jar;D:\mysoftwares\m2repo\org\springframework\cloud\spring-cloud-netflix-archaius\2.0.0.M8\spring-cloud-netflix-archaius-2.0.0.M8.jar;D:\mysoftwares\m2repo\commons-configuration\commons-configuration\1.8\commons-configuration-1.8.jar;D:\mysoftwares\m2repo\commons-lang\commons-lang\2.6\commons-lang-2.6.jar;D:\mysoftwares\m2repo\com\google\guava\guava\18.0\guava-18.0.jar;D:\mysoftwares\m2repo\org\springframework\cloud\spring-cloud-starter-netflix-ribbon\2.0.0.M8\spring-cloud-starter-netflix-ribbon-2.0.0.M8.jar;D:\mysoftwares\m2repo\com\netflix\ribbon\ribbon\2.2.5\ribbon-2.2.5.jar;D:\mysoftwares\m2repo\com\netflix\ribbon\ribbon-transport\2.2.5\ribbon-transport-2.2.5.jar;D:\mysoftwares\m2repo\io\reactivex\rxnetty-contexts\0.4.9\rxnetty-contexts-0.4.9.jar;D:\mysoftwares\m2repo\io\reactivex\rxnetty-servo\0.4.9\rxnetty-servo-0.4.9.jar;D:\mysoftwares\m2repo\io\reactivex\rxnetty\0.4.9\rxnetty-0.4.9.jar;D:\mysoftwares\m2repo\io\netty\netty-codec-http\4.1.23.Final\netty-codec-http-4.1.23.Final.jar;D:\mysoftwares\m2repo\io\netty\netty-codec\4.1.23.Final\netty-codec-4.1.23.Final.jar;D:\mysoftwares\m2repo\io\netty\netty-transport-native-epoll\4.1.23.Final\netty-transport-native-epoll-4.1.23.Final.jar;D:\mysoftwares\m2repo\io\netty\netty-common\4.1.23.Final\netty-common-4.1.23.Final.jar;D:\mysoftwares\m2repo\io\netty\netty-buffer\4.1.23.Final\netty-buffer-4.1.23.Final.jar;D:\mysoftwares\m2repo\io\netty\netty-transport-native-unix-common\4.1.23.Final\netty-transport-native-unix-common-4.1.23.Final.jar;D:\mysoftwares\m2repo\io\netty\netty-transport\4.1.23.Final\netty-transport-4.1.23.Final.jar;D:\mysoftwares\m2repo\io\netty\netty-resolver\4.1.23.Final\netty-resolver-4.1.23.Final.jar;D:\mysoftwares\m2repo\com\netflix\ribbon\ribbon-core\2.2.5\ribbon-core-2.2.5.jar;D:\mysoftwares\m2repo\com\netflix\ribbon\ribbon-httpclient\2.2.5\ribbon-httpclient-2.2.5.jar;D:\mysoftwares\m2repo\commons-collections\commons-collections\3.2.2\commons-collections-3.2.2.jar;D:\mysoftwares\m2repo\com\netflix\ribbon\ribbon-loadbalancer\2.2.5\ribbon-loadbalancer-2.2.5.jar;D:\mysoftwares\m2repo\com\netflix\netflix-commons\netflix-statistics\0.1.1\netflix-statistics-0.1.1.jar;D:\mysoftwares\m2repo\io\reactivex\rxjava\1.3.8\rxjava-1.3.8.jar;D:\mysoftwares\m2repo\com\netflix\ribbon\ribbon-eureka\2.2.5\ribbon-eureka-2.2.5.jar;D:\mysoftwares\m2repo\com\thoughtworks\xstream\xstream\1.4.10\xstream-1.4.10.jar;D:\mysoftwares\m2repo\xmlpull\xmlpull\1.1.3.1\xmlpull-1.1.3.1.jar;D:\mysoftwares\m2repo\xpp3\xpp3_min\1.1.4c\xpp3_min-1.1.4c.jar;D:\mysoftwares\m2repo\org\springframework\cloud\spring-cloud-starter-netflix-zuul\2.0.0.M8\spring-cloud-starter-netflix-zuul-2.0.0.M8.jar;D:\mysoftwares\m2repo\org\springframework\cloud\spring-cloud-netflix-zuul\2.0.0.M8\spring-cloud-netflix-zuul-2.0.0.M8.jar;D:\mysoftwares\m2repo\com\netflix\netflix-commons\netflix-commons-util\0.1.1\netflix-commons-util-0.1.1.jar;D:\mysoftwares\m2repo\org\springframework\boot\spring-boot-starter-actuator\2.0.1.RELEASE\spring-boot-starter-actuator-2.0.1.RELEASE.jar;D:\mysoftwares\m2repo\org\springframework\boot\spring-boot-actuator-autoconfigure\2.0.1.RELEASE\spring-boot-actuator-autoconfigure-2.0.1.RELEASE.jar;D:\mysoftwares\m2repo\org\springframework\boot\spring-boot-actuator\2.0.1.RELEASE\spring-boot-actuator-2.0.1.RELEASE.jar;D:\mysoftwares\m2repo\io\micrometer\micrometer-core\1.0.3\micrometer-core-1.0.3.jar;D:\mysoftwares\m2repo\org\hdrhistogram\HdrHistogram\2.1.10\HdrHistogram-2.1.10.jar;D:\mysoftwares\m2repo\org\latencyutils\LatencyUtils\2.0.3\LatencyUtils-2.0.3.jar;D:\mysoftwares\m2repo\org\springframework\cloud\spring-cloud-starter-netflix-hystrix\2.0.0.M8\spring-cloud-starter-netflix-hystrix-2.0.0.M8.jar;D:\mysoftwares\m2repo\com\netflix\hystrix\hystrix-core\1.5.12\hystrix-core-1.5.12.jar;D:\mysoftwares\m2repo\com\netflix\hystrix\hystrix-serialization\1.5.12\hystrix-serialization-1.5.12.jar;D:\mysoftwares\m2repo\com\fasterxml\jackson\module\jackson-module-afterburner\2.9.3\jackson-module-afterburner-2.9.3.jar;D:\mysoftwares\m2repo\com\netflix\hystrix\hystrix-metrics-event-stream\1.5.12\hystrix-metrics-event-stream-1.5.12.jar;D:\mysoftwares\m2repo\com\netflix\hystrix\hystrix-javanica\1.5.12\hystrix-javanica-1.5.12.jar;D:\mysoftwares\m2repo\org\apache\commons\commons-lang3\3.7\commons-lang3-3.7.jar;D:\mysoftwares\m2repo\org\ow2\asm\asm\5.0.4\asm-5.0.4.jar;D:\mysoftwares\m2repo\io\reactivex\rxjava-reactive-streams\1.2.1\rxjava-reactive-streams-1.2.1.jar;D:\mysoftwares\m2repo\org\reactivestreams\reactive-streams\1.0.2\reactive-streams-1.0.2.jar;D:\mysoftwares\m2repo\com\netflix\zuul\zuul-core\1.3.1\zuul-core-1.3.1.jar;D:\mysoftwares\m2repo\commons-io\commons-io\2.4\commons-io-2.4.jar;D:\mysoftwares\m2repo\org\springframework\boot\spring-boot-starter-test\2.0.1.RELEASE\spring-boot-starter-test-2.0.1.RELEASE.jar;D:\mysoftwares\m2repo\org\springframework\boot\spring-boot-test\2.0.1.RELEASE\spring-boot-test-2.0.1.RELEASE.jar;D:\mysoftwares\m2repo\org\springframework\boot\spring-boot-test-autoconfigure\2.0.1.RELEASE\spring-boot-test-autoconfigure-2.0.1.RELEASE.jar;D:\mysoftwares\m2repo\com\jayway\jsonpath\json-path\2.4.0\json-path-2.4.0.jar;D:\mysoftwares\m2repo\net\minidev\json-smart\2.3\json-smart-2.3.jar;D:\mysoftwares\m2repo\net\minidev\accessors-smart\1.2\accessors-smart-1.2.jar;D:\mysoftwares\m2repo\junit\junit\4.12\junit-4.12.jar;D:\mysoftwares\m2repo\org\assertj\assertj-core\3.9.1\assertj-core-3.9.1.jar;D:\mysoftwares\m2repo\org\mockito\mockito-core\2.15.0\mockito-core-2.15.0.jar;D:\mysoftwares\m2repo\net\bytebuddy\byte-buddy\1.7.11\byte-buddy-1.7.11.jar;D:\mysoftwares\m2repo\net\bytebuddy\byte-buddy-agent\1.7.11\byte-buddy-agent-1.7.11.jar;D:\mysoftwares\m2repo\org\objenesis\objenesis\2.6\objenesis-2.6.jar;D:\mysoftwares\m2repo\org\hamcrest\hamcrest-core\1.3\hamcrest-core-1.3.jar;D:\mysoftwares\m2repo\org\hamcrest\hamcrest-library\1.3\hamcrest-library-1.3.jar;D:\mysoftwares\m2repo\org\skyscreamer\jsonassert\1.5.0\jsonassert-1.5.0.jar;D:\mysoftwares\m2repo\com\vaadin\external\google\android-json\0.0.20131108.vaadin1\android-json-0.0.20131108.vaadin1.jar;D:\mysoftwares\m2repo\org\springframework\spring-core\5.0.5.RELEASE\spring-core-5.0.5.RELEASE.jar;D:\mysoftwares\m2repo\org\springframework\spring-jcl\5.0.5.RELEASE\spring-jcl-5.0.5.RELEASE.jar;D:\mysoftwares\m2repo\org\springframework\spring-test\5.0.5.RELEASE\spring-test-5.0.5.RELEASE.jar;D:\mysoftwares\m2repo\org\xmlunit\xmlunit-core\2.5.1\xmlunit-core-2.5.1.jar;"/>
    <property name="java.vm.vendor" value="Oracle Corporation"/>
    <property name="sun.arch.data.model" value="64"/>
    <property name="user.variant" value=""/>
    <property name="java.vendor.url" value="http://java.oracle.com/"/>
    <property name="user.timezone" value=""/>
    <property name="java.vm.specification.version" value="1.8"/>
    <property name="os.name" value="Windows 10"/>
    <property name="user.country" value="US"/>
    <property name="sun.java.launcher" value="SUN_STANDARD"/>
    <property name="sun.boot.library.path" value="C:\mysoftwares\java\8\jre\bin"/>
    <property name="sun.java.command" value="C:\Users\AFSHAN~1\AppData\Local\Temp\surefire3260159372599792821\surefirebooter675615131651900417.jar C:\Users\afshanhayat\AppData\Local\Temp\surefire3260159372599792821 2018-05-12T23-27-23_942-jvmRun1 surefire1270746467538677939tmp surefire_06971415627327537539tmp"/>
    <property name="surefire.test.class.path" value="D:\myworkspaces\code-0509\ZuulServer\target\test-classes;D:\myworkspaces\code-0509\ZuulServer\target\classes;D:\mysoftwares\m2repo\org\springframework\boot\spring-boot-starter-data-rest\2.0.1.RELEASE\spring-boot-starter-data-rest-2.0.1.RELEASE.jar;D:\mysoftwares\m2repo\org\springframework\boot\spring-boot-starter\2.0.1.RELEASE\spring-boot-starter-2.0.1.RELEASE.jar;D:\mysoftwares\m2repo\org\springframework\boot\spring-boot\2.0.1.RELEASE\spring-boot-2.0.1.RELEASE.jar;D:\mysoftwares\m2repo\org\springframework\spring-context\5.0.5.RELEASE\spring-context-5.0.5.RELEASE.jar;D:\mysoftwares\m2repo\org\springframework\boot\spring-boot-autoconfigure\2.0.1.RELEASE\spring-boot-autoconfigure-2.0.1.RELEASE.jar;D:\mysoftwares\m2repo\org\springframework\boot\spring-boot-starter-logging\2.0.1.RELEASE\spring-boot-starter-logging-2.0.1.RELEASE.jar;D:\mysoftwares\m2repo\ch\qos\logback\logback-classic\1.2.3\logback-classic-1.2.3.jar;D:\mysoftwares\m2repo\ch\qos\logback\logback-core\1.2.3\logback-core-1.2.3.jar;D:\mysoftwares\m2repo\org\apache\logging\log4j\log4j-to-slf4j\2.10.0\log4j-to-slf4j-2.10.0.jar;D:\mysoftwares\m2repo\org\apache\logging\log4j\log4j-api\2.10.0\log4j-api-2.10.0.jar;D:\mysoftwares\m2repo\org\slf4j\jul-to-slf4j\1.7.25\jul-to-slf4j-1.7.25.jar;D:\mysoftwares\m2repo\javax\annotation\javax.annotation-api\1.3.2\javax.annotation-api-1.3.2.jar;D:\mysoftwares\m2repo\org\yaml\snakeyaml\1.19\snakeyaml-1.19.jar;D:\mysoftwares\m2repo\org\springframework\boot\spring-boot-starter-json\2.0.1.RELEASE\spring-boot-starter-json-2.0.1.RELEASE.jar;D:\mysoftwares\m2repo\org\springframework\spring-web\5.0.5.RELEASE\spring-web-5.0.5.RELEASE.jar;D:\mysoftwares\m2repo\org\springframework\spring-beans\5.0.5.RELEASE\spring-beans-5.0.5.RELEASE.jar;D:\mysoftwares\m2repo\com\fasterxml\jackson\core\jackson-databind\2.9.3\jackson-databind-2.9.3.jar;D:\mysoftwares\m2repo\com\fasterxml\jackson\datatype\jackson-datatype-jdk8\2.9.3\jackson-datatype-jdk8-2.9.3.jar;D:\mysoftwares\m2repo\com\fasterxml\jackson\datatype\jackson-datatype-jsr310\2.9.3\jackson-datatype-jsr310-2.9.3.jar;D:\mysoftwares\m2repo\com\fasterxml\jackson\module\jackson-module-parameter-names\2.9.3\jackson-module-parameter-names-2.9.3.jar;D:\mysoftwares\m2repo\org\springframework\boot\spring-boot-starter-web\2.0.1.RELEASE\spring-boot-starter-web-2.0.1.RELEASE.jar;D:\mysoftwares\m2repo\org\springframework\boot\spring-boot-starter-tomcat\2.0.1.RELEASE\spring-boot-starter-tomcat-2.0.1.RELEASE.jar;D:\mysoftwares\m2repo\org\apache\tomcat\embed\tomcat-embed-core\8.5.29\tomcat-embed-core-8.5.29.jar;D:\mysoftwares\m2repo\org\apache\tomcat\embed\tomcat-embed-el\8.5.29\tomcat-embed-el-8.5.29.jar;D:\mysoftwares\m2repo\org\apache\tomcat\embed\tomcat-embed-websocket\8.5.29\tomcat-embed-websocket-8.5.29.jar;D:\mysoftwares\m2repo\org\hibernate\validator\hibernate-validator\6.0.9.Final\hibernate-validator-6.0.9.Final.jar;D:\mysoftwares\m2repo\javax\validation\validation-api\2.0.1.Final\validation-api-2.0.1.Final.jar;D:\mysoftwares\m2repo\org\jboss\logging\jboss-logging\3.3.2.Final\jboss-logging-3.3.2.Final.jar;D:\mysoftwares\m2repo\com\fasterxml\classmate\1.3.4\classmate-1.3.4.jar;D:\mysoftwares\m2repo\org\springframework\spring-webmvc\5.0.5.RELEASE\spring-webmvc-5.0.5.RELEASE.jar;D:\mysoftwares\m2repo\org\springframework\spring-aop\5.0.5.RELEASE\spring-aop-5.0.5.RELEASE.jar;D:\mysoftwares\m2repo\org\springframework\spring-expression\5.0.5.RELEASE\spring-expression-5.0.5.RELEASE.jar;D:\mysoftwares\m2repo\org\springframework\data\spring-data-rest-webmvc\3.0.6.RELEASE\spring-data-rest-webmvc-3.0.6.RELEASE.jar;D:\mysoftwares\m2repo\org\springframework\data\spring-data-rest-core\3.0.6.RELEASE\spring-data-rest-core-3.0.6.RELEASE.jar;D:\mysoftwares\m2repo\org\springframework\spring-tx\5.0.5.RELEASE\spring-tx-5.0.5.RELEASE.jar;D:\mysoftwares\m2repo\org\springframework\hateoas\spring-hateoas\0.24.0.RELEASE\spring-hateoas-0.24.0.RELEASE.jar;D:\mysoftwares\m2repo\org\springframework\data\spring-data-commons\2.0.6.RELEASE\spring-data-commons-2.0.6.RELEASE.jar;D:\mysoftwares\m2repo\org\springframework\plugin\spring-plugin-core\1.2.0.RELEASE\spring-plugin-core-1.2.0.RELEASE.jar;D:\mysoftwares\m2repo\org\atteo\evo-inflector\1.2.2\evo-inflector-1.2.2.jar;D:\mysoftwares\m2repo\com\fasterxml\jackson\core\jackson-annotations\2.9.0\jackson-annotations-2.9.0.jar;D:\mysoftwares\m2repo\org\slf4j\slf4j-api\1.7.25\slf4j-api-1.7.25.jar;D:\mysoftwares\m2repo\org\springframework\cloud\spring-cloud-starter-netflix-eureka-client\2.0.0.M8\spring-cloud-starter-netflix-eureka-client-2.0.0.M8.jar;D:\mysoftwares\m2repo\org\springframework\cloud\spring-cloud-starter\2.0.0.M9\spring-cloud-starter-2.0.0.M9.jar;D:\mysoftwares\m2repo\org\springframework\cloud\spring-cloud-context\2.0.0.M9\spring-cloud-context-2.0.0.M9.jar;D:\mysoftwares\m2repo\org\springframework\security\spring-security-crypto\5.0.4.RELEASE\spring-security-crypto-5.0.4.RELEASE.jar;D:\mysoftwares\m2repo\org\springframework\cloud\spring-cloud-commons\2.0.0.M9\spring-cloud-commons-2.0.0.M9.jar;D:\mysoftwares\m2repo\org\springframework\security\spring-security-rsa\1.0.5.RELEASE\spring-security-rsa-1.0.5.RELEASE.jar;D:\mysoftwares\m2repo\org\bouncycastle\bcpkix-jdk15on\1.56\bcpkix-jdk15on-1.56.jar;D:\mysoftwares\m2repo\org\bouncycastle\bcprov-jdk15on\1.56\bcprov-jdk15on-1.56.jar;D:\mysoftwares\m2repo\org\springframework\cloud\spring-cloud-netflix-core\2.0.0.M8\spring-cloud-netflix-core-2.0.0.M8.jar;D:\mysoftwares\m2repo\org\springframework\boot\spring-boot-starter-aop\2.0.1.RELEASE\spring-boot-starter-aop-2.0.1.RELEASE.jar;D:\mysoftwares\m2repo\org\aspectj\aspectjweaver\1.8.13\aspectjweaver-1.8.13.jar;D:\mysoftwares\m2repo\org\springframework\cloud\spring-cloud-netflix-eureka-client\2.0.0.M8\spring-cloud-netflix-eureka-client-2.0.0.M8.jar;D:\mysoftwares\m2repo\com\netflix\eureka\eureka-client\1.8.7\eureka-client-1.8.7.jar;D:\mysoftwares\m2repo\org\codehaus\jettison\jettison\1.3.7\jettison-1.3.7.jar;D:\mysoftwares\m2repo\stax\stax-api\1.0.1\stax-api-1.0.1.jar;D:\mysoftwares\m2repo\com\netflix\netflix-commons\netflix-eventbus\0.3.0\netflix-eventbus-0.3.0.jar;D:\mysoftwares\m2repo\com\netflix\netflix-commons\netflix-infix\0.3.0\netflix-infix-0.3.0.jar;D:\mysoftwares\m2repo\commons-jxpath\commons-jxpath\1.3\commons-jxpath-1.3.jar;D:\mysoftwares\m2repo\joda-time\joda-time\2.9.9\joda-time-2.9.9.jar;D:\mysoftwares\m2repo\org\antlr\antlr-runtime\3.4\antlr-runtime-3.4.jar;D:\mysoftwares\m2repo\org\antlr\stringtemplate\3.2.1\stringtemplate-3.2.1.jar;D:\mysoftwares\m2repo\antlr\antlr\2.7.7\antlr-2.7.7.jar;D:\mysoftwares\m2repo\com\google\code\gson\gson\2.8.2\gson-2.8.2.jar;D:\mysoftwares\m2repo\org\apache\commons\commons-math\2.2\commons-math-2.2.jar;D:\mysoftwares\m2repo\com\netflix\archaius\archaius-core\0.7.5\archaius-core-0.7.5.jar;D:\mysoftwares\m2repo\javax\ws\rs\jsr311-api\1.1.1\jsr311-api-1.1.1.jar;D:\mysoftwares\m2repo\com\netflix\servo\servo-core\0.10.1\servo-core-0.10.1.jar;D:\mysoftwares\m2repo\com\netflix\servo\servo-internal\0.10.1\servo-internal-0.10.1.jar;D:\mysoftwares\m2repo\com\sun\jersey\jersey-core\1.19.1\jersey-core-1.19.1.jar;D:\mysoftwares\m2repo\com\sun\jersey\jersey-client\1.19.1\jersey-client-1.19.1.jar;D:\mysoftwares\m2repo\com\sun\jersey\contribs\jersey-apache-client4\1.19.1\jersey-apache-client4-1.19.1.jar;D:\mysoftwares\m2repo\org\apache\httpcomponents\httpclient\4.5.5\httpclient-4.5.5.jar;D:\mysoftwares\m2repo\org\apache\httpcomponents\httpcore\4.4.9\httpcore-4.4.9.jar;D:\mysoftwares\m2repo\commons-codec\commons-codec\1.11\commons-codec-1.11.jar;D:\mysoftwares\m2repo\com\google\inject\guice\4.1.0\guice-4.1.0.jar;D:\mysoftwares\m2repo\javax\inject\javax.inject\1\javax.inject-1.jar;D:\mysoftwares\m2repo\aopalliance\aopalliance\1.0\aopalliance-1.0.jar;D:\mysoftwares\m2repo\com\github\vlsi\compactmap\compactmap\1.2.1\compactmap-1.2.1.jar;D:\mysoftwares\m2repo\com\github\andrewoma\dexx\dexx-collections\0.2\dexx-collections-0.2.jar;D:\mysoftwares\m2repo\com\fasterxml\jackson\core\jackson-core\2.9.3\jackson-core-2.9.3.jar;D:\mysoftwares\m2repo\com\netflix\eureka\eureka-core\1.8.7\eureka-core-1.8.7.jar;D:\mysoftwares\m2repo\org\codehaus\woodstox\woodstox-core-asl\4.4.1\woodstox-core-asl-4.4.1.jar;D:\mysoftwares\m2repo\javax\xml\stream\stax-api\1.0-2\stax-api-1.0-2.jar;D:\mysoftwares\m2repo\org\codehaus\woodstox\stax2-api\3.1.4\stax2-api-3.1.4.jar;D:\mysoftwares\m2repo\org\springframework\cloud\spring-cloud-starter-netflix-archaius\2.0.0.M8\spring-cloud-starter-netflix-archaius-2.0.0.M8.jar;D:\mysoftwares\m2repo\org\springframework\cloud\spring-cloud-netflix-ribbon\2.0.0.M8\spring-cloud-netflix-ribbon-2.0.0.M8.jar;D:\mysoftwares\m2repo\org\springframework\cloud\spring-cloud-netflix-archaius\2.0.0.M8\spring-cloud-netflix-archaius-2.0.0.M8.jar;D:\mysoftwares\m2repo\commons-configuration\commons-configuration\1.8\commons-configuration-1.8.jar;D:\mysoftwares\m2repo\commons-lang\commons-lang\2.6\commons-lang-2.6.jar;D:\mysoftwares\m2repo\com\google\guava\guava\18.0\guava-18.0.jar;D:\mysoftwares\m2repo\org\springframework\cloud\spring-cloud-starter-netflix-ribbon\2.0.0.M8\spring-cloud-starter-netflix-ribbon-2.0.0.M8.jar;D:\mysoftwares\m2repo\com\netflix\ribbon\ribbon\2.2.5\ribbon-2.2.5.jar;D:\mysoftwares\m2repo\com\netflix\ribbon\ribbon-transport\2.2.5\ribbon-transport-2.2.5.jar;D:\mysoftwares\m2repo\io\reactivex\rxnetty-contexts\0.4.9\rxnetty-contexts-0.4.9.jar;D:\mysoftwares\m2repo\io\reactivex\rxnetty-servo\0.4.9\rxnetty-servo-0.4.9.jar;D:\mysoftwares\m2repo\io\reactivex\rxnetty\0.4.9\rxnetty-0.4.9.jar;D:\mysoftwares\m2repo\io\netty\netty-codec-http\4.1.23.Final\netty-codec-http-4.1.23.Final.jar;D:\mysoftwares\m2repo\io\netty\netty-codec\4.1.23.Final\netty-codec-4.1.23.Final.jar;D:\mysoftwares\m2repo\io\netty\netty-transport-native-epoll\4.1.23.Final\netty-transport-native-epoll-4.1.23.Final.jar;D:\mysoftwares\m2repo\io\netty\netty-common\4.1.23.Final\netty-common-4.1.23.Final.jar;D:\mysoftwares\m2repo\io\netty\netty-buffer\4.1.23.Final\netty-buffer-4.1.23.Final.jar;D:\mysoftwares\m2repo\io\netty\netty-transport-native-unix-common\4.1.23.Final\netty-transport-native-unix-common-4.1.23.Final.jar;D:\mysoftwares\m2repo\io\netty\netty-transport\4.1.23.Final\netty-transport-4.1.23.Final.jar;D:\mysoftwares\m2repo\io\netty\netty-resolver\4.1.23.Final\netty-resolver-4.1.23.Final.jar;D:\mysoftwares\m2repo\com\netflix\ribbon\ribbon-core\2.2.5\ribbon-core-2.2.5.jar;D:\mysoftwares\m2repo\com\netflix\ribbon\ribbon-httpclient\2.2.5\ribbon-httpclient-2.2.5.jar;D:\mysoftwares\m2repo\commons-collections\commons-collections\3.2.2\commons-collections-3.2.2.jar;D:\mysoftwares\m2repo\com\netflix\ribbon\ribbon-loadbalancer\2.2.5\ribbon-loadbalancer-2.2.5.jar;D:\mysoftwares\m2repo\com\netflix\netflix-commons\netflix-statistics\0.1.1\netflix-statistics-0.1.1.jar;D:\mysoftwares\m2repo\io\reactivex\rxjava\1.3.8\rxjava-1.3.8.jar;D:\mysoftwares\m2repo\com\netflix\ribbon\ribbon-eureka\2.2.5\ribbon-eureka-2.2.5.jar;D:\mysoftwares\m2repo\com\thoughtworks\xstream\xstream\1.4.10\xstream-1.4.10.jar;D:\mysoftwares\m2repo\xmlpull\xmlpull\1.1.3.1\xmlpull-1.1.3.1.jar;D:\mysoftwares\m2repo\xpp3\xpp3_min\1.1.4c\xpp3_min-1.1.4c.jar;D:\mysoftwares\m2repo\org\springframework\cloud\spring-cloud-starter-netflix-zuul\2.0.0.M8\spring-cloud-starter-netflix-zuul-2.0.0.M8.jar;D:\mysoftwares\m2repo\org\springframework\cloud\spring-cloud-netflix-zuul\2.0.0.M8\spring-cloud-netflix-zuul-2.0.0.M8.jar;D:\mysoftwares\m2repo\com\netflix\netflix-commons\netflix-commons-util\0.1.1\netflix-commons-util-0.1.1.jar;D:\mysoftwares\m2repo\org\springframework\boot\spring-boot-starter-actuator\2.0.1.RELEASE\spring-boot-starter-actuator-2.0.1.RELEASE.jar;D:\mysoftwares\m2repo\org\springframework\boot\spring-boot-actuator-autoconfigure\2.0.1.RELEASE\spring-boot-actuator-autoconfigure-2.0.1.RELEASE.jar;D:\mysoftwares\m2repo\org\springframework\boot\spring-boot-actuator\2.0.1.RELEASE\spring-boot-actuator-2.0.1.RELEASE.jar;D:\mysoftwares\m2repo\io\micrometer\micrometer-core\1.0.3\micrometer-core-1.0.3.jar;D:\mysoftwares\m2repo\org\hdrhistogram\HdrHistogram\2.1.10\HdrHistogram-2.1.10.jar;D:\mysoftwares\m2repo\org\latencyutils\LatencyUtils\2.0.3\LatencyUtils-2.0.3.jar;D:\mysoftwares\m2repo\org\springframework\cloud\spring-cloud-starter-netflix-hystrix\2.0.0.M8\spring-cloud-starter-netflix-hystrix-2.0.0.M8.jar;D:\mysoftwares\m2repo\com\netflix\hystrix\hystrix-core\1.5.12\hystrix-core-1.5.12.jar;D:\mysoftwares\m2repo\com\netflix\hystrix\hystrix-serialization\1.5.12\hystrix-serialization-1.5.12.jar;D:\mysoftwares\m2repo\com\fasterxml\jackson\module\jackson-module-afterburner\2.9.3\jackson-module-afterburner-2.9.3.jar;D:\mysoftwares\m2repo\com\netflix\hystrix\hystrix-metrics-event-stream\1.5.12\hystrix-metrics-event-stream-1.5.12.jar;D:\mysoftwares\m2repo\com\netflix\hystrix\hystrix-javanica\1.5.12\hystrix-javanica-1.5.12.jar;D:\mysoftwares\m2repo\org\apache\commons\commons-lang3\3.7\commons-lang3-3.7.jar;D:\mysoftwares\m2repo\org\ow2\asm\asm\5.0.4\asm-5.0.4.jar;D:\mysoftwares\m2repo\io\reactivex\rxjava-reactive-streams\1.2.1\rxjava-reactive-streams-1.2.1.jar;D:\mysoftwares\m2repo\org\reactivestreams\reactive-streams\1.0.2\reactive-streams-1.0.2.jar;D:\mysoftwares\m2repo\com\netflix\zuul\zuul-core\1.3.1\zuul-core-1.3.1.jar;D:\mysoftwares\m2repo\commons-io\commons-io\2.4\commons-io-2.4.jar;D:\mysoftwares\m2repo\org\springframework\boot\spring-boot-starter-test\2.0.1.RELEASE\spring-boot-starter-test-2.0.1.RELEASE.jar;D:\mysoftwares\m2repo\org\springframework\boot\spring-boot-test\2.0.1.RELEASE\spring-boot-test-2.0.1.RELEASE.jar;D:\mysoftwares\m2repo\org\springframework\boot\spring-boot-test-autoconfigure\2.0.1.RELEASE\spring-boot-test-autoconfigure-2.0.1.RELEASE.jar;D:\mysoftwares\m2repo\com\jayway\jsonpath\json-path\2.4.0\json-path-2.4.0.jar;D:\mysoftwares\m2repo\net\minidev\json-smart\2.3\json-smart-2.3.jar;D:\mysoftwares\m2repo\net\minidev\accessors-smart\1.2\accessors-smart-1.2.jar;D:\mysoftwares\m2repo\junit\junit\4.12\junit-4.12.jar;D:\mysoftwares\m2repo\org\assertj\assertj-core\3.9.1\assertj-core-3.9.1.jar;D:\mysoftwares\m2repo\org\mockito\mockito-core\2.15.0\mockito-core-2.15.0.jar;D:\mysoftwares\m2repo\net\bytebuddy\byte-buddy\1.7.11\byte-buddy-1.7.11.jar;D:\mysoftwares\m2repo\net\bytebuddy\byte-buddy-agent\1.7.11\byte-buddy-agent-1.7.11.jar;D:\mysoftwares\m2repo\org\objenesis\objenesis\2.6\objenesis-2.6.jar;D:\mysoftwares\m2repo\org\hamcrest\hamcrest-core\1.3\hamcrest-core-1.3.jar;D:\mysoftwares\m2repo\org\hamcrest\hamcrest-library\1.3\hamcrest-library-1.3.jar;D:\mysoftwares\m2repo\org\skyscreamer\jsonassert\1.5.0\jsonassert-1.5.0.jar;D:\mysoftwares\m2repo\com\vaadin\external\google\android-json\0.0.20131108.vaadin1\android-json-0.0.20131108.vaadin1.jar;D:\mysoftwares\m2repo\org\springframework\spring-core\5.0.5.RELEASE\spring-core-5.0.5.RELEASE.jar;D:\mysoftwares\m2repo\org\springframework\spring-jcl\5.0.5.RELEASE\spring-jcl-5.0.5.RELEASE.jar;D:\mysoftwares\m2repo\org\springframework\spring-test\5.0.5.RELEASE\spring-test-5.0.5.RELEASE.jar;D:\mysoftwares\m2repo\org\xmlunit\xmlunit-core\2.5.1\xmlunit-core-2.5.1.jar;"/>
    <property name="sun.cpu.endian" value="little"/>
    <property name="user.home" value="C:\Users\afshanhayat"/>
    <property name="user.language" value="en"/>
    <property name="java.specification.vendor" value="Oracle Corporation"/>
    <property name="java.home" value="C:\mysoftwares\java\8\jre"/>
    <property name="basedir" value="D:\myworkspaces\code-0509\ZuulServer"/>
    <property name="file.separator" value="\"/>
    <property name="line.separator" value="&#10;"/>
    <property name="java.vm.specification.vendor" value="Oracle Corporation"/>
    <property name="java.specification.name" value="Java Platform API Specification"/>
    <property name="java.awt.graphicsenv" value="sun.awt.Win32GraphicsEnvironment"/>
    <property name="surefire.real.class.path" value="C:\Users\AFSHAN~1\AppData\Local\Temp\surefire3260159372599792821\surefirebooter675615131651900417.jar"/>
    <property name="sun.boot.class.path" value="C:\mysoftwares\java\8\jre\lib\resources.jar;C:\mysoftwares\java\8\jre\lib\rt.jar;C:\mysoftwares\java\8\jre\lib\sunrsasign.jar;C:\mysoftwares\java\8\jre\lib\jsse.jar;C:\mysoftwares\java\8\jre\lib\jce.jar;C:\mysoftwares\java\8\jre\lib\charsets.jar;C:\mysoftwares\java\8\jre\lib\jfr.jar;C:\mysoftwares\java\8\jre\classes"/>
    <property name="user.script" value=""/>
    <property name="sun.management.compiler" value="HotSpot 64-Bit Tiered Compilers"/>
    <property name="java.runtime.version" value="1.8.0_171-b11"/>
    <property name="user.name" value="afshanhayat"/>
    <property name="path.separator" value=";"/>
    <property name="os.version" value="10.0"/>
    <property name="java.endorsed.dirs" value="C:\mysoftwares\java\8\jre\lib\endorsed"/>
    <property name="java.runtime.name" value="Java(TM) SE Runtime Environment"/>
    <property name="file.encoding" value="Cp1252"/>
    <property name="java.vm.name" value="Java HotSpot(TM) 64-Bit Server VM"/>
    <property name="localRepository" value="D:\mysoftwares\m2repo"/>
    <property name="java.vendor.url.bug" value="http://bugreport.sun.com/bugreport/"/>
    <property name="java.io.tmpdir" value="C:\Users\AFSHAN~1\AppData\Local\Temp\"/>
    <property name="java.version" value="1.8.0_171"/>
    <property name="user.dir" value="D:\myworkspaces\code-0509\ZuulServer"/>
    <property name="os.arch" value="amd64"/>
    <property name="java.vm.specification.name" value="Java Virtual Machine Specification"/>
    <property name="java.awt.printerjob" value="sun.awt.windows.WPrinterJob"/>
    <property name="sun.os.patch.level" value=""/>
    <property name="java.library.path" value="C:\mysoftwares\java\8\jre\bin;C:\Windows\Sun\Java\bin;C:\Windows\system32;C:\Windows;C:\Program Files (x86)\Common Files\Oracle\Java\javapath;C:\Windows\system32;C:\Windows;C:\Windows\System32\Wbem;C:\Windows\System32\WindowsPowerShell\v1.0\;C:\Users\afshanhayat\AppData\Local\Microsoft\WindowsApps;C:\mysoftwares\java\8\bin;C:\mysoftwares\git\Git\cmd;C:\mysoftwares\maven\3.5.3-bin\apache-maven-3.5.3\bin;C:\mysoftwares\maven\3.5.3-bin\apache-maven-3.5.3\bin;;."/>
    <property name="java.vm.info" value="mixed mode"/>
    <property name="java.vendor" value="Oracle Corporation"/>
    <property name="java.vm.version" value="25.171-b11"/>
    <property name="java.ext.dirs" value="C:\mysoftwares\java\8\jre\lib\ext;C:\Windows\Sun\Java\lib\ext"/>
    <property name="sun.io.unicode.encoding" value="UnicodeLittle"/>
    <property name="java.class.version" value="52.0"/>
  </properties>
  <testcase name="contextLoads" classname="com.abdul.springprojects.SpringCloudZuulApp3ApplicationTests" time="0.002"/>
</testsuite>